<?xml version="1.0" encoding="UTF-8"?>
<!-- Generated by org.testng.reporters.JUnitReportReporter -->
<testsuite hostname="Dell" failures="0" tests="3" name="tests.TestSteps" time="160.910" errors="0" timestamp="2025-03-28T20:33:22 IST" skipped="0">
  <testcase classname="tests.TestSteps" name="LoginWithDifferentUser" time="50.437"/>
  <system-out/>
  <testcase classname="tests.TestSteps" name="Test2" time="43.721"/>
  <system-out/>
  <testcase classname="tests.TestSteps" name="Test3" time="66.752"/>
  <system-out/>
</testsuite> <!-- tests.TestSteps -->
